Using pre-set license
Built from '2020.2/release' branch; Version is '2020.2.2f1 (068178b99f32) revision 426360'; Using compiler version '192528614'; Build Type 'Release'
OS: 'Windows 10 Home China; OS build 19042.928; Version 2009; 64bit' Language: 'zh' Physical Memory: 16270 MB
BatchMode: 1, IsHumanControllingUs: 0, StartBugReporterOnCrash: 0, Is64bit: 1, IsPro: 0

 COMMAND LINE ARGUMENTS:
C:\Program Files\Unity\Editor\Unity.exe
-adb2
-batchMode
-noUpm
-name
AssetImportWorker1
-projectPath
C:/Users/nietzstl/Documents/git_505/conferenceofthebirds/ConferenceOfTheBirds
-logFile
Logs/AssetImportWorker1.log
-srvPort
52194
Successfully changed project path to: C:/Users/nietzstl/Documents/git_505/conferenceofthebirds/ConferenceOfTheBirds
C:/Users/nietzstl/Documents/git_505/conferenceofthebirds/ConferenceOfTheBirds
Using Asset Import Pipeline V2.
Default GameObject BitMask: Water already registered

Refreshing native plugins compatible for Editor in 62.62 ms, found 4 plugins.
Preloading 0 native plugins for Editor in 0.00 ms.
Initialize engine version: 2020.2.2f1 (068178b99f32)
[Subsystems] Discovering subsystems at path C:/Program Files/Unity/Editor/Data/Resources/UnitySubsystems
[Subsystems] Discovering subsystems at path C:/Users/nietzstl/Documents/git_505/conferenceofthebirds/ConferenceOfTheBirds/Assets
GfxDevice: creating device client; threaded=0
Direct3D:
    Version:  Direct3D 11.0 [level 11.1]
    Renderer: NVIDIA GeForce RTX 3070 (ID=0x2484)
    Vendor:   
    VRAM:     8043 MB
    Driver:   27.21.14.6192
Shader 'Universal Render Pipeline/Particles/Lit': fallback shader 'Universal Render Pipeline/Particles/SimpleLit' not found
Initialize mono
Mono path[0] = 'C:/Program Files/Unity/Editor/Data/Managed'
Mono path[1] = 'C:/Program Files/Unity/Editor/Data/MonoBleedingEdge/lib/mono/unityjit'
Mono config path = 'C:/Program Files/Unity/Editor/Data/MonoBleedingEdge/etc'
Using monoOptions --debugger-agent=transport=dt_socket,embedding=1,server=y,suspend=n,address=127.0.0.1:56288
Begin MonoManager ReloadAssembly
Registering precompiled unity dll's ...
Register platform support module: C:/Program Files/Unity/Editor/Data/PlaybackEngines/WindowsStandaloneSupport/UnityEditor.WindowsStandalone.Extensions.dll
Registered in 0.001545 seconds.
Native extension for WindowsStandalone target not found
Refreshing native plugins compatible for Editor in 55.72 ms, found 4 plugins.
Preloading 0 native plugins for Editor in 0.00 ms.
Invoked RoslynAnalysisRunner static constructor.
RoslynAnalysisRunner will not be running.
RoslynAnalysisRunner has terminated.
Mono: successfully reloaded assembly
- Completed reload, in  0.978 seconds
Platform modules already initialized, skipping
Registering precompiled user dll's ...
Registered in 0.002980 seconds.
Begin MonoManager ReloadAssembly
Native extension for WindowsStandalone target not found
Refreshing native plugins compatible for Editor in 56.38 ms, found 4 plugins.
Preloading 0 native plugins for Editor in 0.00 ms.
Invoked RoslynAnalysisRunner static constructor.
RoslynAnalysisRunner will not be running.
RoslynAnalysisRunner has terminated.
Mono: successfully reloaded assembly
Fallback handler could not load library C:/Program Files/Unity/Editor/Data/Mono/lib/libdl
Fallback handler could not load library C:/Program Files/Unity/Editor/Data/Mono/lib/libdl.dll
Fallback handler could not load library C:/Program Files/Unity/Editor/Data/Mono/lib/libdl
Fallback handler could not load library C:/Program Files/Unity/Editor/Data/Mono/lib/libdl
Fallback handler could not load library C:/Program Files/Unity/Editor/Data/Mono/lib/libdl.dll
Fallback handler could not load library C:/Program Files/Unity/Editor/Data/Mono/lib/libdl
- Completed reload, in  0.912 seconds
Platform modules already initialized, skipping
========================================================================
Worker process is ready to serve import requests
Default GameObject BitMask: Water already registered

Shader 'Universal Render Pipeline/Particles/Lit': fallback shader 'Universal Render Pipeline/Particles/SimpleLit' not found
Launched and connected shader compiler UnityShaderCompiler.exe after 0.04 seconds
Refreshing native plugins compatible for Editor in 0.79 ms, found 4 plugins.
Preloading 0 native plugins for Editor in 0.00 ms.
Unloading 3167 Unused Serialized files (Serialized files now loaded: 0)
System memory in use before: 140.5 MB.
System memory in use after: 140.7 MB.

Unloading 52 unused Assets to reduce memory usage. Loaded Objects now: 3599.
Total: 2.132500 ms (FindLiveObjects: 0.314800 ms CreateObjectMapping: 0.079500 ms MarkObjects: 1.713700 ms  DeleteObjects: 0.023700 ms)

========================================================================
Received Import Request.
  path: Assets/Art/UI/S BAR EMPTY.png
  artifactKey: Guid(02b16316afaf2b140a3b0cf85888c596) Importer(815301076,1909f56bfc062723c751e8b465ee728b)
Start importing Assets/Art/UI/S BAR EMPTY.png using Guid(02b16316afaf2b140a3b0cf85888c596) Importer(815301076,1909f56bfc062723c751e8b465ee728b)  -> (artifact id: '9359db374ba47928a45d64492a16c063') in 0.104082 seconds
  Import took 0.109343 seconds .

========================================================================
Received Import Request.
  Time since last request: 0.000185 seconds.
  path: Assets/Art/UI/S BAR DECAL.png
  artifactKey: Guid(352f367e0ce2d774e90861655607a82b) Importer(815301076,1909f56bfc062723c751e8b465ee728b)
Start importing Assets/Art/UI/S BAR DECAL.png using Guid(352f367e0ce2d774e90861655607a82b) Importer(815301076,1909f56bfc062723c751e8b465ee728b)  -> (artifact id: '1b19990ebe739570d2d6464abf661125') in 0.010937 seconds
  Import took 0.015114 seconds .

========================================================================
Received Import Request.
  Time since last request: 0.000159 seconds.
  path: Assets/Art/UI/Stamina PickUp.png
  artifactKey: Guid(cc3e6e6705cb0444ab0f9f8673a8fe99) Importer(815301076,1909f56bfc062723c751e8b465ee728b)
Start importing Assets/Art/UI/Stamina PickUp.png using Guid(cc3e6e6705cb0444ab0f9f8673a8fe99) Importer(815301076,1909f56bfc062723c751e8b465ee728b)  -> (artifact id: 'ed3999ad20e523c1a01f386508a205f5') in 0.018098 seconds
  Import took 0.021908 seconds .

========================================================================
Received Import Request.
  Time since last request: 0.000148 seconds.
  path: Assets/Art/UI/S BAR FULL.png
  artifactKey: Guid(a67c4fe8adc1bf1488ea7343d98ed246) Importer(815301076,1909f56bfc062723c751e8b465ee728b)
Start importing Assets/Art/UI/S BAR FULL.png using Guid(a67c4fe8adc1bf1488ea7343d98ed246) Importer(815301076,1909f56bfc062723c751e8b465ee728b)  -> (artifact id: 'b5608a0f974035fc675a6c59c80da1f7') in 0.010178 seconds
  Import took 0.014244 seconds .

========================================================================
Received Import Request.
  Time since last request: 0.000182 seconds.
  path: Assets/Art/UI/MONEY PICKUP.png
  artifactKey: Guid(228dee5be1202424ebf9358011c45064) Importer(815301076,1909f56bfc062723c751e8b465ee728b)
Start importing Assets/Art/UI/MONEY PICKUP.png using Guid(228dee5be1202424ebf9358011c45064) Importer(815301076,1909f56bfc062723c751e8b465ee728b)  -> (artifact id: 'f83cf21fffab11b58f2ccf0f1babd352') in 0.011737 seconds
  Import took 0.016371 seconds .

========================================================================
Received Import Request.
  Time since last request: 0.000193 seconds.
  path: Assets/Art/UI
  artifactKey: Guid(6357129b24b9c6c47a4b66f9def790b8) Importer(815301076,1909f56bfc062723c751e8b465ee728b)
Start importing Assets/Art/UI using Guid(6357129b24b9c6c47a4b66f9def790b8) Importer(815301076,1909f56bfc062723c751e8b465ee728b)  -> (artifact id: '5d7b6104b36c344842e3d0dae2b781ea') in 0.005522 seconds
  Import took 0.009817 seconds .

========================================================================
Received Import Request.
  Time since last request: 14.210883 seconds.
  path: Assets/Art/UI/Game Logo.png
  artifactKey: Guid(356c80c0c173b8d459188125ef027038) Importer(815301076,1909f56bfc062723c751e8b465ee728b)
Start importing Assets/Art/UI/Game Logo.png using Guid(356c80c0c173b8d459188125ef027038) Importer(815301076,1909f56bfc062723c751e8b465ee728b)  -> (artifact id: '858a4737a5cb05b453d2daf0f7aca6c0') in 0.020945 seconds
  Import took 0.025988 seconds .

========================================================================
Received Import Request.
  Time since last request: 6.048856 seconds.
  path: Assets/Art/UI/PLAY.png
  artifactKey: Guid(7de3deba89175404d8fd0c930dc22f81) Importer(815301076,1909f56bfc062723c751e8b465ee728b)
Start importing Assets/Art/UI/PLAY.png using Guid(7de3deba89175404d8fd0c930dc22f81) Importer(815301076,1909f56bfc062723c751e8b465ee728b)  -> (artifact id: '51337970ccc6d885ce8469bec9da0930') in 0.026507 seconds
  Import took 0.031592 seconds .

========================================================================
Received Import Request.
  Time since last request: 0.000145 seconds.
  path: Assets/Art/UI/QUIT.png
  artifactKey: Guid(128549c99f6af42499b5aa96a360183e) Importer(815301076,1909f56bfc062723c751e8b465ee728b)
Start importing Assets/Art/UI/QUIT.png using Guid(128549c99f6af42499b5aa96a360183e) Importer(815301076,1909f56bfc062723c751e8b465ee728b)  -> (artifact id: '108048c7d38edf635e67cecdcdb11f9b') in 0.010514 seconds
  Import took 0.014339 seconds .

========================================================================
Received Import Request.
  Time since last request: 2.650612 seconds.
  path: Assets/Art/UI/Settings.png
  artifactKey: Guid(6ce9442d99ebb6f40bce3ea561af80e5) Importer(815301076,1909f56bfc062723c751e8b465ee728b)
Start importing Assets/Art/UI/Settings.png using Guid(6ce9442d99ebb6f40bce3ea561af80e5) Importer(815301076,1909f56bfc062723c751e8b465ee728b)  -> (artifact id: '09b4fb38d604bccae340b401a2d95fff') in 0.012068 seconds
  Import took 0.016841 seconds .

========================================================================
Received Import Request.
  Time since last request: 5.508208 seconds.
  path: Assets/Art/UI/TITLE SCREEN BACKGROUND.png
  artifactKey: Guid(2ea6d706a58e5ea41b54333688b5bf9b) Importer(815301076,1909f56bfc062723c751e8b465ee728b)
Start importing Assets/Art/UI/TITLE SCREEN BACKGROUND.png using Guid(2ea6d706a58e5ea41b54333688b5bf9b) Importer(815301076,1909f56bfc062723c751e8b465ee728b)  -> (artifact id: '718e315938cf689fd665dc8f9fcea39c') in 0.027085 seconds
  Import took 0.031812 seconds .

