Using pre-set license
Built from '2020.2/release' branch; Version is '2020.2.2f1 (068178b99f32) revision 426360'; Using compiler version '192528614'; Build Type 'Release'
OS: 'Windows 10 Home; OS build 19041.804; Version 2004; 64bit' Language: 'en' Physical Memory: 8055 MB
BatchMode: 1, IsHumanControllingUs: 0, StartBugReporterOnCrash: 0, Is64bit: 1, IsPro: 0

 COMMAND LINE ARGUMENTS:
D:\Unity\2020.2.2f1\Editor\Unity.exe
-adb2
-batchMode
-noUpm
-name
AssetImportWorker2
-projectPath
D:/Games/conferenceofthebirds/ConferenceOfTheBirds
-logFile
Logs/AssetImportWorker2.log
-srvPort
63358
Successfully changed project path to: D:/Games/conferenceofthebirds/ConferenceOfTheBirds
D:/Games/conferenceofthebirds/ConferenceOfTheBirds
Using Asset Import Pipeline V2.
Refreshing native plugins compatible for Editor in 113.07 ms, found 4 plugins.
Preloading 0 native plugins for Editor in 0.00 ms.
Initialize engine version: 2020.2.2f1 (068178b99f32)
[Subsystems] Discovering subsystems at path D:/Unity/2020.2.2f1/Editor/Data/Resources/UnitySubsystems
[Subsystems] Discovering subsystems at path D:/Games/conferenceofthebirds/ConferenceOfTheBirds/Assets
GfxDevice: creating device client; threaded=0
Direct3D:
    Version:  Direct3D 11.0 [level 11.1]
    Renderer: NVIDIA GeForce GTX 970M (ID=0x13d8)
    Vendor:   
    VRAM:     3032 MB
    Driver:   26.21.14.4587
Shader 'Universal Render Pipeline/Particles/Lit': fallback shader 'Universal Render Pipeline/Particles/SimpleLit' not found
Initialize mono
Mono path[0] = 'D:/Unity/2020.2.2f1/Editor/Data/Managed'
Mono path[1] = 'D:/Unity/2020.2.2f1/Editor/Data/MonoBleedingEdge/lib/mono/unityjit'
Mono config path = 'D:/Unity/2020.2.2f1/Editor/Data/MonoBleedingEdge/etc'
Using monoOptions --debugger-agent=transport=dt_socket,embedding=1,server=y,suspend=n,address=127.0.0.1:56952
Begin MonoManager ReloadAssembly
Registering precompiled unity dll's ...
Register platform support module: D:/Unity/2020.2.2f1/Editor/Data/PlaybackEngines/WebGLSupport/UnityEditor.WebGL.Extensions.dll
Register platform support module: D:/Unity/2020.2.2f1/Editor/Data/PlaybackEngines/MacStandaloneSupport/UnityEditor.OSXStandalone.Extensions.dll
Register platform support module: D:/Unity/2020.2.2f1/Editor/Data/PlaybackEngines/WindowsStandaloneSupport/UnityEditor.WindowsStandalone.Extensions.dll
Registered in 0.002773 seconds.
Native extension for WindowsStandalone target not found
Native extension for OSXStandalone target not found
Native extension for WebGL target not found
Refreshing native plugins compatible for Editor in 114.61 ms, found 4 plugins.
Preloading 0 native plugins for Editor in 0.00 ms.
Invoked RoslynAnalysisRunner static constructor.
RoslynAnalysisRunner will not be running.
RoslynAnalysisRunner has terminated.
Mono: successfully reloaded assembly
- Completed reload, in  2.189 seconds
Platform modules already initialized, skipping
Registering precompiled user dll's ...
Registered in 0.005016 seconds.
Begin MonoManager ReloadAssembly
Native extension for WindowsStandalone target not found
Native extension for OSXStandalone target not found
Native extension for WebGL target not found
Refreshing native plugins compatible for Editor in 98.51 ms, found 4 plugins.
Preloading 0 native plugins for Editor in 0.00 ms.
Invoked RoslynAnalysisRunner static constructor.
RoslynAnalysisRunner will not be running.
RoslynAnalysisRunner has terminated.
Mono: successfully reloaded assembly
Fallback handler could not load library D:/Unity/2020.2.2f1/Editor/Data/Mono/lib/libdl
Fallback handler could not load library D:/Unity/2020.2.2f1/Editor/Data/Mono/lib/libdl.dll
Fallback handler could not load library D:/Unity/2020.2.2f1/Editor/Data/Mono/lib/libdl
Fallback handler could not load library D:/Unity/2020.2.2f1/Editor/Data/Mono/lib/libdl
Fallback handler could not load library D:/Unity/2020.2.2f1/Editor/Data/Mono/lib/libdl.dll
Fallback handler could not load library D:/Unity/2020.2.2f1/Editor/Data/Mono/lib/libdl
- Completed reload, in  4.604 seconds
Platform modules already initialized, skipping
========================================================================
Worker process is ready to serve import requests
Shader 'Universal Render Pipeline/Particles/Lit': fallback shader 'Universal Render Pipeline/Particles/SimpleLit' not found
Launched and connected shader compiler UnityShaderCompiler.exe after 0.40 seconds
Refreshing native plugins compatible for Editor in 1.11 ms, found 4 plugins.
Preloading 0 native plugins for Editor in 0.00 ms.
Unloading 3134 Unused Serialized files (Serialized files now loaded: 0)
System memory in use before: 134.5 MB.
System memory in use after: 134.8 MB.

Unloading 53 unused Assets to reduce memory usage. Loaded Objects now: 3560.
Total: 7.245300 ms (FindLiveObjects: 0.819600 ms CreateObjectMapping: 0.410600 ms MarkObjects: 5.826000 ms  DeleteObjects: 0.186300 ms)

========================================================================
Received Import Request.
  path: Assets/Resources/Art/Background/Valley of Quest Background.jfif
  artifactKey: Guid(b598f5053895b894e98b2dcc8c3bd925) Importer(815301076,1909f56bfc062723c751e8b465ee728b)
Start importing Assets/Resources/Art/Background/Valley of Quest Background.jfif using Guid(b598f5053895b894e98b2dcc8c3bd925) Importer(815301076,1909f56bfc062723c751e8b465ee728b)  -> (artifact id: 'e83cd721bf9393b1b829ecce9ff48100') in 0.275864 seconds
  Import took 0.337338 seconds .

========================================================================
Received Import Request.
  Time since last request: 1.953597 seconds.
  path: Assets/Resources/Art/Background/Valley of Quest Background.jfif
  artifactKey: Guid(b598f5053895b894e98b2dcc8c3bd925) Importer(815301076,1909f56bfc062723c751e8b465ee728b)
Start importing Assets/Resources/Art/Background/Valley of Quest Background.jfif using Guid(b598f5053895b894e98b2dcc8c3bd925) Importer(815301076,1909f56bfc062723c751e8b465ee728b)  -> (artifact id: 'e83cd721bf9393b1b829ecce9ff48100') in 0.017009 seconds
  Import took 0.039098 seconds .

========================================================================
Received Import Request.
  Time since last request: 6.665164 seconds.
  path: Assets/Resources/Art/Background/Background Environment Valley of Quest.png
  artifactKey: Guid(d528663da71363643a0086da6271fafc) Importer(815301076,1909f56bfc062723c751e8b465ee728b)
Start importing Assets/Resources/Art/Background/Background Environment Valley of Quest.png using Guid(d528663da71363643a0086da6271fafc) Importer(815301076,1909f56bfc062723c751e8b465ee728b)  -> (artifact id: '5d0e6ee9bbb2bf91b12cc180d51b3e83') in 0.676511 seconds
  Import took 0.716690 seconds .

========================================================================
Received Prepare
Registering precompiled user dll's ...
Registered in 0.067277 seconds.
Begin MonoManager ReloadAssembly
Fallback handler could not load library D:/Unity/2020.2.2f1/Editor/Data/Mono/lib/libdl
Fallback handler could not load library D:/Unity/2020.2.2f1/Editor/Data/Mono/lib/libdl.dll
Fallback handler could not load library D:/Unity/2020.2.2f1/Editor/Data/Mono/lib/libdl
Native extension for WindowsStandalone target not found
Native extension for OSXStandalone target not found
Native extension for WebGL target not found
Refreshing native plugins compatible for Editor in 1.29 ms, found 4 plugins.
Preloading 0 native plugins for Editor in 0.00 ms.
Invoked RoslynAnalysisRunner static constructor.
RoslynAnalysisRunner will not be running.
RoslynAnalysisRunner has terminated.
Mono: successfully reloaded assembly
Fallback handler could not load library D:/Unity/2020.2.2f1/Editor/Data/Mono/lib/libdl
Fallback handler could not load library D:/Unity/2020.2.2f1/Editor/Data/Mono/lib/libdl.dll
Fallback handler could not load library D:/Unity/2020.2.2f1/Editor/Data/Mono/lib/libdl
Fallback handler could not load library D:/Unity/2020.2.2f1/Editor/Data/Mono/lib/libdl
Fallback handler could not load library D:/Unity/2020.2.2f1/Editor/Data/Mono/lib/libdl.dll
Fallback handler could not load library D:/Unity/2020.2.2f1/Editor/Data/Mono/lib/libdl
- Completed reload, in  3.324 seconds
Platform modules already initialized, skipping
Shader 'Universal Render Pipeline/Particles/Lit': fallback shader 'Universal Render Pipeline/Particles/SimpleLit' not found
Refreshing native plugins compatible for Editor in 2.25 ms, found 4 plugins.
Preloading 0 native plugins for Editor in 0.00 ms.
Unloading 3016 Unused Serialized files (Serialized files now loaded: 0)
System memory in use before: 131.6 MB.
System memory in use after: 131.9 MB.

Unloading 41 unused Assets to reduce memory usage. Loaded Objects now: 3569.
Total: 12.796100 ms (FindLiveObjects: 1.865800 ms CreateObjectMapping: 1.645200 ms MarkObjects: 9.227100 ms  DeleteObjects: 0.047200 ms)

========================================================================
Received Prepare
Registering precompiled user dll's ...
Registered in 0.008885 seconds.
Begin MonoManager ReloadAssembly
Fallback handler could not load library D:/Unity/2020.2.2f1/Editor/Data/Mono/lib/libdl
Fallback handler could not load library D:/Unity/2020.2.2f1/Editor/Data/Mono/lib/libdl.dll
Fallback handler could not load library D:/Unity/2020.2.2f1/Editor/Data/Mono/lib/libdl
Native extension for WindowsStandalone target not found
Native extension for OSXStandalone target not found
Native extension for WebGL target not found
Refreshing native plugins compatible for Editor in 1.02 ms, found 4 plugins.
Preloading 0 native plugins for Editor in 0.00 ms.
Invoked RoslynAnalysisRunner static constructor.
RoslynAnalysisRunner will not be running.
RoslynAnalysisRunner has terminated.
Mono: successfully reloaded assembly
Fallback handler could not load library D:/Unity/2020.2.2f1/Editor/Data/Mono/lib/libdl
Fallback handler could not load library D:/Unity/2020.2.2f1/Editor/Data/Mono/lib/libdl.dll
Fallback handler could not load library D:/Unity/2020.2.2f1/Editor/Data/Mono/lib/libdl
Fallback handler could not load library D:/Unity/2020.2.2f1/Editor/Data/Mono/lib/libdl
Fallback handler could not load library D:/Unity/2020.2.2f1/Editor/Data/Mono/lib/libdl.dll
Fallback handler could not load library D:/Unity/2020.2.2f1/Editor/Data/Mono/lib/libdl
- Completed reload, in  1.618 seconds
Platform modules already initialized, skipping
Shader 'Universal Render Pipeline/Particles/Lit': fallback shader 'Universal Render Pipeline/Particles/SimpleLit' not found
Refreshing native plugins compatible for Editor in 1.10 ms, found 4 plugins.
Preloading 0 native plugins for Editor in 0.00 ms.
Unloading 3016 Unused Serialized files (Serialized files now loaded: 0)
System memory in use before: 132.2 MB.
System memory in use after: 132.4 MB.

Unloading 41 unused Assets to reduce memory usage. Loaded Objects now: 3572.
Total: 4.503900 ms (FindLiveObjects: 0.676700 ms CreateObjectMapping: 0.460200 ms MarkObjects: 3.327700 ms  DeleteObjects: 0.037100 ms)

========================================================================
Received Prepare
Registering precompiled user dll's ...
Registered in 0.005725 seconds.
Begin MonoManager ReloadAssembly
Fallback handler could not load library D:/Unity/2020.2.2f1/Editor/Data/Mono/lib/libdl
Fallback handler could not load library D:/Unity/2020.2.2f1/Editor/Data/Mono/lib/libdl.dll
Fallback handler could not load library D:/Unity/2020.2.2f1/Editor/Data/Mono/lib/libdl
Native extension for WindowsStandalone target not found
Native extension for OSXStandalone target not found
Native extension for WebGL target not found
Refreshing native plugins compatible for Editor in 1.13 ms, found 4 plugins.
Preloading 0 native plugins for Editor in 0.00 ms.
Invoked RoslynAnalysisRunner static constructor.
RoslynAnalysisRunner will not be running.
RoslynAnalysisRunner has terminated.
Mono: successfully reloaded assembly
Fallback handler could not load library D:/Unity/2020.2.2f1/Editor/Data/Mono/lib/libdl
Fallback handler could not load library D:/Unity/2020.2.2f1/Editor/Data/Mono/lib/libdl.dll
Fallback handler could not load library D:/Unity/2020.2.2f1/Editor/Data/Mono/lib/libdl
Fallback handler could not load library D:/Unity/2020.2.2f1/Editor/Data/Mono/lib/libdl
Fallback handler could not load library D:/Unity/2020.2.2f1/Editor/Data/Mono/lib/libdl.dll
Fallback handler could not load library D:/Unity/2020.2.2f1/Editor/Data/Mono/lib/libdl
- Completed reload, in  1.715 seconds
Platform modules already initialized, skipping
Shader 'Universal Render Pipeline/Particles/Lit': fallback shader 'Universal Render Pipeline/Particles/SimpleLit' not found
Refreshing native plugins compatible for Editor in 1.20 ms, found 4 plugins.
Preloading 0 native plugins for Editor in 0.00 ms.
Unloading 3016 Unused Serialized files (Serialized files now loaded: 0)
System memory in use before: 132.7 MB.
System memory in use after: 133.0 MB.

Unloading 41 unused Assets to reduce memory usage. Loaded Objects now: 3575.
Total: 4.116900 ms (FindLiveObjects: 0.645400 ms CreateObjectMapping: 0.316600 ms MarkObjects: 3.114500 ms  DeleteObjects: 0.039100 ms)

========================================================================
Received Prepare
Registering precompiled user dll's ...
Registered in 0.137869 seconds.
Begin MonoManager ReloadAssembly
Fallback handler could not load library D:/Unity/2020.2.2f1/Editor/Data/Mono/lib/libdl
Fallback handler could not load library D:/Unity/2020.2.2f1/Editor/Data/Mono/lib/libdl.dll
Fallback handler could not load library D:/Unity/2020.2.2f1/Editor/Data/Mono/lib/libdl
Native extension for WindowsStandalone target not found
Native extension for OSXStandalone target not found
Native extension for WebGL target not found
Refreshing native plugins compatible for Editor in 1.11 ms, found 4 plugins.
Preloading 0 native plugins for Editor in 0.00 ms.
Invoked RoslynAnalysisRunner static constructor.
RoslynAnalysisRunner will not be running.
RoslynAnalysisRunner has terminated.
Mono: successfully reloaded assembly
Fallback handler could not load library D:/Unity/2020.2.2f1/Editor/Data/Mono/lib/libdl
Fallback handler could not load library D:/Unity/2020.2.2f1/Editor/Data/Mono/lib/libdl.dll
Fallback handler could not load library D:/Unity/2020.2.2f1/Editor/Data/Mono/lib/libdl
Fallback handler could not load library D:/Unity/2020.2.2f1/Editor/Data/Mono/lib/libdl
Fallback handler could not load library D:/Unity/2020.2.2f1/Editor/Data/Mono/lib/libdl.dll
Fallback handler could not load library D:/Unity/2020.2.2f1/Editor/Data/Mono/lib/libdl
- Completed reload, in  3.300 seconds
Platform modules already initialized, skipping
Shader 'Universal Render Pipeline/Particles/Lit': fallback shader 'Universal Render Pipeline/Particles/SimpleLit' not found
Refreshing native plugins compatible for Editor in 1.79 ms, found 4 plugins.
Preloading 0 native plugins for Editor in 0.00 ms.
Unloading 3016 Unused Serialized files (Serialized files now loaded: 0)
System memory in use before: 133.2 MB.
System memory in use after: 133.5 MB.

Unloading 41 unused Assets to reduce memory usage. Loaded Objects now: 3578.
Total: 3.670800 ms (FindLiveObjects: 0.344200 ms CreateObjectMapping: 0.206200 ms MarkObjects: 3.078000 ms  DeleteObjects: 0.039000 ms)

========================================================================
Received Prepare
Registering precompiled user dll's ...
Registered in 0.009500 seconds.
Begin MonoManager ReloadAssembly
Fallback handler could not load library D:/Unity/2020.2.2f1/Editor/Data/Mono/lib/libdl
Fallback handler could not load library D:/Unity/2020.2.2f1/Editor/Data/Mono/lib/libdl.dll
Fallback handler could not load library D:/Unity/2020.2.2f1/Editor/Data/Mono/lib/libdl
Native extension for WindowsStandalone target not found
Native extension for OSXStandalone target not found
Native extension for WebGL target not found
Refreshing native plugins compatible for Editor in 1.11 ms, found 4 plugins.
Preloading 0 native plugins for Editor in 0.00 ms.
Invoked RoslynAnalysisRunner static constructor.
RoslynAnalysisRunner will not be running.
RoslynAnalysisRunner has terminated.
Mono: successfully reloaded assembly
Fallback handler could not load library D:/Unity/2020.2.2f1/Editor/Data/Mono/lib/libdl
Fallback handler could not load library D:/Unity/2020.2.2f1/Editor/Data/Mono/lib/libdl.dll
Fallback handler could not load library D:/Unity/2020.2.2f1/Editor/Data/Mono/lib/libdl
Fallback handler could not load library D:/Unity/2020.2.2f1/Editor/Data/Mono/lib/libdl
Fallback handler could not load library D:/Unity/2020.2.2f1/Editor/Data/Mono/lib/libdl.dll
Fallback handler could not load library D:/Unity/2020.2.2f1/Editor/Data/Mono/lib/libdl
- Completed reload, in  1.806 seconds
Platform modules already initialized, skipping
Shader 'Universal Render Pipeline/Particles/Lit': fallback shader 'Universal Render Pipeline/Particles/SimpleLit' not found
Refreshing native plugins compatible for Editor in 3.24 ms, found 4 plugins.
Preloading 0 native plugins for Editor in 0.00 ms.
Unloading 3016 Unused Serialized files (Serialized files now loaded: 0)
System memory in use before: 132.8 MB.
System memory in use after: 133.0 MB.

Unloading 41 unused Assets to reduce memory usage. Loaded Objects now: 3581.
Total: 9.634500 ms (FindLiveObjects: 0.894600 ms CreateObjectMapping: 1.777800 ms MarkObjects: 6.893600 ms  DeleteObjects: 0.065100 ms)

========================================================================
Received Import Request.
  Time since last request: 1351.169651 seconds.
  path: Assets/Scenes/Levels/TK - Valley of the Quest.unity
  artifactKey: Guid(8c7975e7e61ac7a428481d8abac166af) Importer(815301076,1909f56bfc062723c751e8b465ee728b)
Start importing Assets/Scenes/Levels/TK - Valley of the Quest.unity using Guid(8c7975e7e61ac7a428481d8abac166af) Importer(815301076,1909f56bfc062723c751e8b465ee728b)  -> (artifact id: '9e7fb681b24d00f9a79a7185b0c5b84b') in 0.043424 seconds
  Import took 0.075087 seconds .

========================================================================
Received Prepare
Registering precompiled user dll's ...
Registered in 0.007003 seconds.
Begin MonoManager ReloadAssembly
Fallback handler could not load library D:/Unity/2020.2.2f1/Editor/Data/Mono/lib/libdl
Fallback handler could not load library D:/Unity/2020.2.2f1/Editor/Data/Mono/lib/libdl.dll
Fallback handler could not load library D:/Unity/2020.2.2f1/Editor/Data/Mono/lib/libdl
Native extension for WindowsStandalone target not found
Native extension for OSXStandalone target not found
Native extension for WebGL target not found
Refreshing native plugins compatible for Editor in 1.57 ms, found 4 plugins.
Preloading 0 native plugins for Editor in 0.00 ms.
Invoked RoslynAnalysisRunner static constructor.
RoslynAnalysisRunner will not be running.
RoslynAnalysisRunner has terminated.
Mono: successfully reloaded assembly
Fallback handler could not load library D:/Unity/2020.2.2f1/Editor/Data/Mono/lib/libdl
Fallback handler could not load library D:/Unity/2020.2.2f1/Editor/Data/Mono/lib/libdl.dll
Fallback handler could not load library D:/Unity/2020.2.2f1/Editor/Data/Mono/lib/libdl
Fallback handler could not load library D:/Unity/2020.2.2f1/Editor/Data/Mono/lib/libdl
Fallback handler could not load library D:/Unity/2020.2.2f1/Editor/Data/Mono/lib/libdl.dll
Fallback handler could not load library D:/Unity/2020.2.2f1/Editor/Data/Mono/lib/libdl
- Completed reload, in  1.673 seconds
Platform modules already initialized, skipping
Shader 'Universal Render Pipeline/Particles/Lit': fallback shader 'Universal Render Pipeline/Particles/SimpleLit' not found
Refreshing native plugins compatible for Editor in 1.56 ms, found 4 plugins.
Preloading 0 native plugins for Editor in 0.00 ms.
Unloading 3016 Unused Serialized files (Serialized files now loaded: 0)
System memory in use before: 132.8 MB.
System memory in use after: 133.0 MB.

Unloading 41 unused Assets to reduce memory usage. Loaded Objects now: 3584.
Total: 5.315600 ms (FindLiveObjects: 0.373200 ms CreateObjectMapping: 0.209300 ms MarkObjects: 4.648600 ms  DeleteObjects: 0.081600 ms)

========================================================================
Received Prepare
Registering precompiled user dll's ...
Registered in 0.013031 seconds.
Begin MonoManager ReloadAssembly
Fallback handler could not load library D:/Unity/2020.2.2f1/Editor/Data/Mono/lib/libdl
Fallback handler could not load library D:/Unity/2020.2.2f1/Editor/Data/Mono/lib/libdl.dll
Fallback handler could not load library D:/Unity/2020.2.2f1/Editor/Data/Mono/lib/libdl
Native extension for WindowsStandalone target not found
Native extension for OSXStandalone target not found
Native extension for WebGL target not found
Refreshing native plugins compatible for Editor in 1.00 ms, found 4 plugins.
Preloading 0 native plugins for Editor in 0.00 ms.
Invoked RoslynAnalysisRunner static constructor.
RoslynAnalysisRunner will not be running.
RoslynAnalysisRunner has terminated.
Mono: successfully reloaded assembly
Fallback handler could not load library D:/Unity/2020.2.2f1/Editor/Data/Mono/lib/libdl
Fallback handler could not load library D:/Unity/2020.2.2f1/Editor/Data/Mono/lib/libdl.dll
Fallback handler could not load library D:/Unity/2020.2.2f1/Editor/Data/Mono/lib/libdl
Fallback handler could not load library D:/Unity/2020.2.2f1/Editor/Data/Mono/lib/libdl
Fallback handler could not load library D:/Unity/2020.2.2f1/Editor/Data/Mono/lib/libdl.dll
Fallback handler could not load library D:/Unity/2020.2.2f1/Editor/Data/Mono/lib/libdl
- Completed reload, in  2.037 seconds
Platform modules already initialized, skipping
Shader 'Universal Render Pipeline/Particles/Lit': fallback shader 'Universal Render Pipeline/Particles/SimpleLit' not found
Refreshing native plugins compatible for Editor in 3.53 ms, found 4 plugins.
Preloading 0 native plugins for Editor in 0.00 ms.
Unloading 3016 Unused Serialized files (Serialized files now loaded: 0)
System memory in use before: 132.8 MB.
System memory in use after: 133.0 MB.

Unloading 41 unused Assets to reduce memory usage. Loaded Objects now: 3587.
Total: 5.256800 ms (FindLiveObjects: 0.595300 ms CreateObjectMapping: 0.271100 ms MarkObjects: 4.339900 ms  DeleteObjects: 0.047900 ms)

========================================================================
Received Prepare
Registering precompiled user dll's ...
Registered in 0.007978 seconds.
Begin MonoManager ReloadAssembly
Fallback handler could not load library D:/Unity/2020.2.2f1/Editor/Data/Mono/lib/libdl
Fallback handler could not load library D:/Unity/2020.2.2f1/Editor/Data/Mono/lib/libdl.dll
Fallback handler could not load library D:/Unity/2020.2.2f1/Editor/Data/Mono/lib/libdl
Native extension for WindowsStandalone target not found
Native extension for OSXStandalone target not found
Native extension for WebGL target not found
Refreshing native plugins compatible for Editor in 1.66 ms, found 4 plugins.
Preloading 0 native plugins for Editor in 0.00 ms.
Invoked RoslynAnalysisRunner static constructor.
RoslynAnalysisRunner will not be running.
RoslynAnalysisRunner has terminated.
Mono: successfully reloaded assembly
Fallback handler could not load library D:/Unity/2020.2.2f1/Editor/Data/Mono/lib/libdl
Fallback handler could not load library D:/Unity/2020.2.2f1/Editor/Data/Mono/lib/libdl.dll
Fallback handler could not load library D:/Unity/2020.2.2f1/Editor/Data/Mono/lib/libdl
Fallback handler could not load library D:/Unity/2020.2.2f1/Editor/Data/Mono/lib/libdl
Fallback handler could not load library D:/Unity/2020.2.2f1/Editor/Data/Mono/lib/libdl.dll
Fallback handler could not load library D:/Unity/2020.2.2f1/Editor/Data/Mono/lib/libdl
- Completed reload, in  1.743 seconds
Platform modules already initialized, skipping
Shader 'Universal Render Pipeline/Particles/Lit': fallback shader 'Universal Render Pipeline/Particles/SimpleLit' not found
Refreshing native plugins compatible for Editor in 1.36 ms, found 4 plugins.
Preloading 0 native plugins for Editor in 0.00 ms.
Unloading 3016 Unused Serialized files (Serialized files now loaded: 0)
System memory in use before: 132.8 MB.
System memory in use after: 133.0 MB.

Unloading 41 unused Assets to reduce memory usage. Loaded Objects now: 3590.
Total: 5.164700 ms (FindLiveObjects: 0.445600 ms CreateObjectMapping: 0.273800 ms MarkObjects: 4.386300 ms  DeleteObjects: 0.056600 ms)

========================================================================
Received Prepare
Registering precompiled user dll's ...
Registered in 0.005348 seconds.
Begin MonoManager ReloadAssembly
Fallback handler could not load library D:/Unity/2020.2.2f1/Editor/Data/Mono/lib/libdl
Fallback handler could not load library D:/Unity/2020.2.2f1/Editor/Data/Mono/lib/libdl.dll
Fallback handler could not load library D:/Unity/2020.2.2f1/Editor/Data/Mono/lib/libdl
Native extension for WindowsStandalone target not found
Native extension for OSXStandalone target not found
Native extension for WebGL target not found
Refreshing native plugins compatible for Editor in 1.01 ms, found 4 plugins.
Preloading 0 native plugins for Editor in 0.00 ms.
Invoked RoslynAnalysisRunner static constructor.
RoslynAnalysisRunner will not be running.
RoslynAnalysisRunner has terminated.
Mono: successfully reloaded assembly
Fallback handler could not load library D:/Unity/2020.2.2f1/Editor/Data/Mono/lib/libdl
Fallback handler could not load library D:/Unity/2020.2.2f1/Editor/Data/Mono/lib/libdl.dll
Fallback handler could not load library D:/Unity/2020.2.2f1/Editor/Data/Mono/lib/libdl
Fallback handler could not load library D:/Unity/2020.2.2f1/Editor/Data/Mono/lib/libdl
Fallback handler could not load library D:/Unity/2020.2.2f1/Editor/Data/Mono/lib/libdl.dll
Fallback handler could not load library D:/Unity/2020.2.2f1/Editor/Data/Mono/lib/libdl
- Completed reload, in  1.771 seconds
Platform modules already initialized, skipping
Shader 'Universal Render Pipeline/Particles/Lit': fallback shader 'Universal Render Pipeline/Particles/SimpleLit' not found
Refreshing native plugins compatible for Editor in 2.15 ms, found 4 plugins.
Preloading 0 native plugins for Editor in 0.00 ms.
Unloading 3016 Unused Serialized files (Serialized files now loaded: 0)
System memory in use before: 132.8 MB.
System memory in use after: 133.0 MB.

Unloading 41 unused Assets to reduce memory usage. Loaded Objects now: 3593.
Total: 4.851900 ms (FindLiveObjects: 0.783400 ms CreateObjectMapping: 0.317400 ms MarkObjects: 3.685800 ms  DeleteObjects: 0.060600 ms)

========================================================================
Received Prepare
Registering precompiled user dll's ...
Registered in 0.005440 seconds.
Begin MonoManager ReloadAssembly
Fallback handler could not load library D:/Unity/2020.2.2f1/Editor/Data/Mono/lib/libdl
Fallback handler could not load library D:/Unity/2020.2.2f1/Editor/Data/Mono/lib/libdl.dll
Fallback handler could not load library D:/Unity/2020.2.2f1/Editor/Data/Mono/lib/libdl
Native extension for WindowsStandalone target not found
Native extension for OSXStandalone target not found
Native extension for WebGL target not found
Refreshing native plugins compatible for Editor in 1.31 ms, found 4 plugins.
Preloading 0 native plugins for Editor in 0.00 ms.
Invoked RoslynAnalysisRunner static constructor.
RoslynAnalysisRunner will not be running.
RoslynAnalysisRunner has terminated.
Mono: successfully reloaded assembly
Fallback handler could not load library D:/Unity/2020.2.2f1/Editor/Data/Mono/lib/libdl
Fallback handler could not load library D:/Unity/2020.2.2f1/Editor/Data/Mono/lib/libdl.dll
Fallback handler could not load library D:/Unity/2020.2.2f1/Editor/Data/Mono/lib/libdl
Fallback handler could not load library D:/Unity/2020.2.2f1/Editor/Data/Mono/lib/libdl
Fallback handler could not load library D:/Unity/2020.2.2f1/Editor/Data/Mono/lib/libdl.dll
Fallback handler could not load library D:/Unity/2020.2.2f1/Editor/Data/Mono/lib/libdl
- Completed reload, in  2.657 seconds
Platform modules already initialized, skipping
Shader 'Universal Render Pipeline/Particles/Lit': fallback shader 'Universal Render Pipeline/Particles/SimpleLit' not found
Refreshing native plugins compatible for Editor in 1.08 ms, found 4 plugins.
Preloading 0 native plugins for Editor in 0.00 ms.
Unloading 3016 Unused Serialized files (Serialized files now loaded: 0)
System memory in use before: 132.8 MB.
System memory in use after: 133.0 MB.

Unloading 41 unused Assets to reduce memory usage. Loaded Objects now: 3596.
Total: 5.778500 ms (FindLiveObjects: 0.642800 ms CreateObjectMapping: 0.283100 ms MarkObjects: 4.790500 ms  DeleteObjects: 0.059700 ms)

========================================================================
Received Prepare
Registering precompiled user dll's ...
Registered in 0.009306 seconds.
Begin MonoManager ReloadAssembly
Fallback handler could not load library D:/Unity/2020.2.2f1/Editor/Data/Mono/lib/libdl
Fallback handler could not load library D:/Unity/2020.2.2f1/Editor/Data/Mono/lib/libdl.dll
Fallback handler could not load library D:/Unity/2020.2.2f1/Editor/Data/Mono/lib/libdl
Native extension for WindowsStandalone target not found
Native extension for OSXStandalone target not found
Native extension for WebGL target not found
Refreshing native plugins compatible for Editor in 2.30 ms, found 4 plugins.
Preloading 0 native plugins for Editor in 0.00 ms.
Invoked RoslynAnalysisRunner static constructor.
RoslynAnalysisRunner will not be running.
RoslynAnalysisRunner has terminated.
Mono: successfully reloaded assembly
Fallback handler could not load library D:/Unity/2020.2.2f1/Editor/Data/Mono/lib/libdl
Fallback handler could not load library D:/Unity/2020.2.2f1/Editor/Data/Mono/lib/libdl.dll
Fallback handler could not load library D:/Unity/2020.2.2f1/Editor/Data/Mono/lib/libdl
Fallback handler could not load library D:/Unity/2020.2.2f1/Editor/Data/Mono/lib/libdl
Fallback handler could not load library D:/Unity/2020.2.2f1/Editor/Data/Mono/lib/libdl.dll
Fallback handler could not load library D:/Unity/2020.2.2f1/Editor/Data/Mono/lib/libdl
- Completed reload, in  1.719 seconds
Platform modules already initialized, skipping
Shader 'Universal Render Pipeline/Particles/Lit': fallback shader 'Universal Render Pipeline/Particles/SimpleLit' not found
Refreshing native plugins compatible for Editor in 1.16 ms, found 4 plugins.
Preloading 0 native plugins for Editor in 0.00 ms.
Unloading 3016 Unused Serialized files (Serialized files now loaded: 0)
System memory in use before: 132.8 MB.
System memory in use after: 133.0 MB.

Unloading 41 unused Assets to reduce memory usage. Loaded Objects now: 3599.
Total: 5.117100 ms (FindLiveObjects: 0.775800 ms CreateObjectMapping: 0.431500 ms MarkObjects: 3.860400 ms  DeleteObjects: 0.046700 ms)

========================================================================
Received Prepare
Registering precompiled user dll's ...
Registered in 0.060932 seconds.
Begin MonoManager ReloadAssembly
Fallback handler could not load library D:/Unity/2020.2.2f1/Editor/Data/Mono/lib/libdl
Fallback handler could not load library D:/Unity/2020.2.2f1/Editor/Data/Mono/lib/libdl.dll
Fallback handler could not load library D:/Unity/2020.2.2f1/Editor/Data/Mono/lib/libdl
Native extension for WindowsStandalone target not found
Native extension for OSXStandalone target not found
Native extension for WebGL target not found
Refreshing native plugins compatible for Editor in 4.44 ms, found 4 plugins.
Preloading 0 native plugins for Editor in 0.00 ms.
Invoked RoslynAnalysisRunner static constructor.
RoslynAnalysisRunner will not be running.
RoslynAnalysisRunner has terminated.
Mono: successfully reloaded assembly
Fallback handler could not load library D:/Unity/2020.2.2f1/Editor/Data/Mono/lib/libdl
Fallback handler could not load library D:/Unity/2020.2.2f1/Editor/Data/Mono/lib/libdl.dll
Fallback handler could not load library D:/Unity/2020.2.2f1/Editor/Data/Mono/lib/libdl
Fallback handler could not load library D:/Unity/2020.2.2f1/Editor/Data/Mono/lib/libdl
Fallback handler could not load library D:/Unity/2020.2.2f1/Editor/Data/Mono/lib/libdl.dll
Fallback handler could not load library D:/Unity/2020.2.2f1/Editor/Data/Mono/lib/libdl
- Completed reload, in  9.420 seconds
Platform modules already initialized, skipping
Shader 'Universal Render Pipeline/Particles/Lit': fallback shader 'Universal Render Pipeline/Particles/SimpleLit' not found
Refreshing native plugins compatible for Editor in 5.39 ms, found 4 plugins.
Preloading 0 native plugins for Editor in 0.00 ms.
Unloading 3016 Unused Serialized files (Serialized files now loaded: 0)
System memory in use before: 132.8 MB.
System memory in use after: 133.1 MB.

Unloading 41 unused Assets to reduce memory usage. Loaded Objects now: 3602.
Total: 32.200500 ms (FindLiveObjects: 1.218900 ms CreateObjectMapping: 1.063000 ms MarkObjects: 29.058300 ms  DeleteObjects: 0.851700 ms)

========================================================================
Received Prepare
Registering precompiled user dll's ...
Registered in 0.005633 seconds.
Begin MonoManager ReloadAssembly
Fallback handler could not load library D:/Unity/2020.2.2f1/Editor/Data/Mono/lib/libdl
Fallback handler could not load library D:/Unity/2020.2.2f1/Editor/Data/Mono/lib/libdl.dll
Fallback handler could not load library D:/Unity/2020.2.2f1/Editor/Data/Mono/lib/libdl
Native extension for WindowsStandalone target not found
Native extension for OSXStandalone target not found
Native extension for WebGL target not found
Refreshing native plugins compatible for Editor in 1.27 ms, found 4 plugins.
Preloading 0 native plugins for Editor in 0.00 ms.
Invoked RoslynAnalysisRunner static constructor.
RoslynAnalysisRunner will not be running.
RoslynAnalysisRunner has terminated.
Mono: successfully reloaded assembly
Fallback handler could not load library D:/Unity/2020.2.2f1/Editor/Data/Mono/lib/libdl
Fallback handler could not load library D:/Unity/2020.2.2f1/Editor/Data/Mono/lib/libdl.dll
Fallback handler could not load library D:/Unity/2020.2.2f1/Editor/Data/Mono/lib/libdl
Fallback handler could not load library D:/Unity/2020.2.2f1/Editor/Data/Mono/lib/libdl
Fallback handler could not load library D:/Unity/2020.2.2f1/Editor/Data/Mono/lib/libdl.dll
Fallback handler could not load library D:/Unity/2020.2.2f1/Editor/Data/Mono/lib/libdl
- Completed reload, in  1.661 seconds
Platform modules already initialized, skipping
Shader 'Universal Render Pipeline/Particles/Lit': fallback shader 'Universal Render Pipeline/Particles/SimpleLit' not found
Refreshing native plugins compatible for Editor in 1.93 ms, found 4 plugins.
Preloading 0 native plugins for Editor in 0.00 ms.
Unloading 3016 Unused Serialized files (Serialized files now loaded: 0)
System memory in use before: 132.8 MB.
System memory in use after: 133.1 MB.

Unloading 41 unused Assets to reduce memory usage. Loaded Objects now: 3605.
Total: 4.389600 ms (FindLiveObjects: 0.886300 ms CreateObjectMapping: 0.289200 ms MarkObjects: 3.023900 ms  DeleteObjects: 0.186400 ms)

========================================================================
Received Prepare
Registering precompiled user dll's ...
Registered in 0.006443 seconds.
Begin MonoManager ReloadAssembly
Fallback handler could not load library D:/Unity/2020.2.2f1/Editor/Data/Mono/lib/libdl
Fallback handler could not load library D:/Unity/2020.2.2f1/Editor/Data/Mono/lib/libdl.dll
Fallback handler could not load library D:/Unity/2020.2.2f1/Editor/Data/Mono/lib/libdl
Native extension for WindowsStandalone target not found
Native extension for OSXStandalone target not found
Native extension for WebGL target not found
Refreshing native plugins compatible for Editor in 1.01 ms, found 4 plugins.
Preloading 0 native plugins for Editor in 0.00 ms.
Invoked RoslynAnalysisRunner static constructor.
RoslynAnalysisRunner will not be running.
RoslynAnalysisRunner has terminated.
Mono: successfully reloaded assembly
Fallback handler could not load library D:/Unity/2020.2.2f1/Editor/Data/Mono/lib/libdl
Fallback handler could not load library D:/Unity/2020.2.2f1/Editor/Data/Mono/lib/libdl.dll
Fallback handler could not load library D:/Unity/2020.2.2f1/Editor/Data/Mono/lib/libdl
Fallback handler could not load library D:/Unity/2020.2.2f1/Editor/Data/Mono/lib/libdl
Fallback handler could not load library D:/Unity/2020.2.2f1/Editor/Data/Mono/lib/libdl.dll
Fallback handler could not load library D:/Unity/2020.2.2f1/Editor/Data/Mono/lib/libdl
- Completed reload, in  3.894 seconds
Platform modules already initialized, skipping
Shader 'Universal Render Pipeline/Particles/Lit': fallback shader 'Universal Render Pipeline/Particles/SimpleLit' not found
Refreshing native plugins compatible for Editor in 10.60 ms, found 4 plugins.
Preloading 0 native plugins for Editor in 0.00 ms.
Unloading 3016 Unused Serialized files (Serialized files now loaded: 0)
System memory in use before: 132.8 MB.
System memory in use after: 133.1 MB.

Unloading 41 unused Assets to reduce memory usage. Loaded Objects now: 3608.
Total: 13.947300 ms (FindLiveObjects: 0.855900 ms CreateObjectMapping: 0.414500 ms MarkObjects: 12.500100 ms  DeleteObjects: 0.172000 ms)

