Using pre-set license
Built from '2020.2/release' branch; Version is '2020.2.2f1 (068178b99f32) revision 426360'; Using compiler version '192528614'; Build Type 'Release'
OS: 'Windows 10 Home; OS build 19041.804; Version 2004; 64bit' Language: 'en' Physical Memory: 8055 MB
BatchMode: 1, IsHumanControllingUs: 0, StartBugReporterOnCrash: 0, Is64bit: 1, IsPro: 0

 COMMAND LINE ARGUMENTS:
D:\Unity\2020.2.2f1\Editor\Unity.exe
-adb2
-batchMode
-noUpm
-name
AssetImportWorker1
-projectPath
D:/Games/conferenceofthebirds/ConferenceOfTheBirds
-logFile
Logs/AssetImportWorker1.log
-srvPort
60242
Successfully changed project path to: D:/Games/conferenceofthebirds/ConferenceOfTheBirds
D:/Games/conferenceofthebirds/ConferenceOfTheBirds
Using Asset Import Pipeline V2.
Refreshing native plugins compatible for Editor in 104.14 ms, found 4 plugins.
Preloading 0 native plugins for Editor in 0.00 ms.
Initialize engine version: 2020.2.2f1 (068178b99f32)
[Subsystems] Discovering subsystems at path D:/Unity/2020.2.2f1/Editor/Data/Resources/UnitySubsystems
[Subsystems] Discovering subsystems at path D:/Games/conferenceofthebirds/ConferenceOfTheBirds/Assets
GfxDevice: creating device client; threaded=0
Direct3D:
    Version:  Direct3D 11.0 [level 11.1]
    Renderer: NVIDIA GeForce GTX 970M (ID=0x13d8)
    Vendor:   
    VRAM:     3032 MB
    Driver:   26.21.14.4587
Shader 'Universal Render Pipeline/Particles/Lit': fallback shader 'Universal Render Pipeline/Particles/SimpleLit' not found
Initialize mono
Mono path[0] = 'D:/Unity/2020.2.2f1/Editor/Data/Managed'
Mono path[1] = 'D:/Unity/2020.2.2f1/Editor/Data/MonoBleedingEdge/lib/mono/unityjit'
Mono config path = 'D:/Unity/2020.2.2f1/Editor/Data/MonoBleedingEdge/etc'
Using monoOptions --debugger-agent=transport=dt_socket,embedding=1,server=y,suspend=n,address=127.0.0.1:56264
Begin MonoManager ReloadAssembly
Registering precompiled unity dll's ...
Register platform support module: D:/Unity/2020.2.2f1/Editor/Data/PlaybackEngines/WebGLSupport/UnityEditor.WebGL.Extensions.dll
Register platform support module: D:/Unity/2020.2.2f1/Editor/Data/PlaybackEngines/MacStandaloneSupport/UnityEditor.OSXStandalone.Extensions.dll
Register platform support module: D:/Unity/2020.2.2f1/Editor/Data/PlaybackEngines/WindowsStandaloneSupport/UnityEditor.WindowsStandalone.Extensions.dll
Registered in 0.003292 seconds.
Native extension for WindowsStandalone target not found
Native extension for OSXStandalone target not found
Native extension for WebGL target not found
Refreshing native plugins compatible for Editor in 79.83 ms, found 4 plugins.
Preloading 0 native plugins for Editor in 0.00 ms.
Invoked RoslynAnalysisRunner static constructor.
RoslynAnalysisRunner will not be running.
RoslynAnalysisRunner has terminated.
Mono: successfully reloaded assembly
- Completed reload, in  1.725 seconds
Platform modules already initialized, skipping
Registering precompiled user dll's ...
Registered in 0.004889 seconds.
Begin MonoManager ReloadAssembly
Native extension for WindowsStandalone target not found
Native extension for OSXStandalone target not found
Native extension for WebGL target not found
Refreshing native plugins compatible for Editor in 85.55 ms, found 4 plugins.
Preloading 0 native plugins for Editor in 0.00 ms.
Invoked RoslynAnalysisRunner static constructor.
RoslynAnalysisRunner will not be running.
RoslynAnalysisRunner has terminated.
Mono: successfully reloaded assembly
Fallback handler could not load library D:/Unity/2020.2.2f1/Editor/Data/Mono/lib/libdl
Fallback handler could not load library D:/Unity/2020.2.2f1/Editor/Data/Mono/lib/libdl.dll
Fallback handler could not load library D:/Unity/2020.2.2f1/Editor/Data/Mono/lib/libdl
Fallback handler could not load library D:/Unity/2020.2.2f1/Editor/Data/Mono/lib/libdl
Fallback handler could not load library D:/Unity/2020.2.2f1/Editor/Data/Mono/lib/libdl.dll
Fallback handler could not load library D:/Unity/2020.2.2f1/Editor/Data/Mono/lib/libdl
- Completed reload, in  3.383 seconds
Platform modules already initialized, skipping
========================================================================
Worker process is ready to serve import requests
Shader 'Universal Render Pipeline/Particles/Lit': fallback shader 'Universal Render Pipeline/Particles/SimpleLit' not found
Launched and connected shader compiler UnityShaderCompiler.exe after 0.09 seconds
Refreshing native plugins compatible for Editor in 2.29 ms, found 4 plugins.
Preloading 0 native plugins for Editor in 0.00 ms.
Unloading 3134 Unused Serialized files (Serialized files now loaded: 0)
System memory in use before: 134.5 MB.
System memory in use after: 134.8 MB.

Unloading 53 unused Assets to reduce memory usage. Loaded Objects now: 3560.
Total: 4.658400 ms (FindLiveObjects: 0.533100 ms CreateObjectMapping: 0.281300 ms MarkObjects: 3.714000 ms  DeleteObjects: 0.128100 ms)

========================================================================
Received Prepare
Registering precompiled user dll's ...
Registered in 0.162380 seconds.
Begin MonoManager ReloadAssembly
Fallback handler could not load library D:/Unity/2020.2.2f1/Editor/Data/Mono/lib/libdl
Fallback handler could not load library D:/Unity/2020.2.2f1/Editor/Data/Mono/lib/libdl.dll
Fallback handler could not load library D:/Unity/2020.2.2f1/Editor/Data/Mono/lib/libdl
Native extension for WindowsStandalone target not found
Native extension for OSXStandalone target not found
Native extension for WebGL target not found
Refreshing native plugins compatible for Editor in 2.17 ms, found 4 plugins.
Preloading 0 native plugins for Editor in 0.00 ms.
Invoked RoslynAnalysisRunner static constructor.
RoslynAnalysisRunner will not be running.
RoslynAnalysisRunner has terminated.
Mono: successfully reloaded assembly
Fallback handler could not load library D:/Unity/2020.2.2f1/Editor/Data/Mono/lib/libdl
Fallback handler could not load library D:/Unity/2020.2.2f1/Editor/Data/Mono/lib/libdl.dll
Fallback handler could not load library D:/Unity/2020.2.2f1/Editor/Data/Mono/lib/libdl
Fallback handler could not load library D:/Unity/2020.2.2f1/Editor/Data/Mono/lib/libdl
Fallback handler could not load library D:/Unity/2020.2.2f1/Editor/Data/Mono/lib/libdl.dll
Fallback handler could not load library D:/Unity/2020.2.2f1/Editor/Data/Mono/lib/libdl
- Completed reload, in  4.267 seconds
Platform modules already initialized, skipping
Shader 'Universal Render Pipeline/Particles/Lit': fallback shader 'Universal Render Pipeline/Particles/SimpleLit' not found
Refreshing native plugins compatible for Editor in 3.43 ms, found 4 plugins.
Preloading 0 native plugins for Editor in 0.00 ms.
Unloading 3016 Unused Serialized files (Serialized files now loaded: 0)
System memory in use before: 128.7 MB.
System memory in use after: 128.9 MB.

Unloading 41 unused Assets to reduce memory usage. Loaded Objects now: 3563.
Total: 9.853100 ms (FindLiveObjects: 0.846300 ms CreateObjectMapping: 0.623900 ms MarkObjects: 8.279500 ms  DeleteObjects: 0.098900 ms)

========================================================================
Received Prepare
Registering precompiled user dll's ...
Registered in 0.007086 seconds.
Begin MonoManager ReloadAssembly
Fallback handler could not load library D:/Unity/2020.2.2f1/Editor/Data/Mono/lib/libdl
Fallback handler could not load library D:/Unity/2020.2.2f1/Editor/Data/Mono/lib/libdl.dll
Fallback handler could not load library D:/Unity/2020.2.2f1/Editor/Data/Mono/lib/libdl
Native extension for WindowsStandalone target not found
Native extension for OSXStandalone target not found
Native extension for WebGL target not found
Refreshing native plugins compatible for Editor in 1.04 ms, found 4 plugins.
Preloading 0 native plugins for Editor in 0.00 ms.
Invoked RoslynAnalysisRunner static constructor.
RoslynAnalysisRunner will not be running.
RoslynAnalysisRunner has terminated.
Mono: successfully reloaded assembly
Fallback handler could not load library D:/Unity/2020.2.2f1/Editor/Data/Mono/lib/libdl
Fallback handler could not load library D:/Unity/2020.2.2f1/Editor/Data/Mono/lib/libdl.dll
Fallback handler could not load library D:/Unity/2020.2.2f1/Editor/Data/Mono/lib/libdl
Fallback handler could not load library D:/Unity/2020.2.2f1/Editor/Data/Mono/lib/libdl
Fallback handler could not load library D:/Unity/2020.2.2f1/Editor/Data/Mono/lib/libdl.dll
Fallback handler could not load library D:/Unity/2020.2.2f1/Editor/Data/Mono/lib/libdl
- Completed reload, in  1.590 seconds
Platform modules already initialized, skipping
Shader 'Universal Render Pipeline/Particles/Lit': fallback shader 'Universal Render Pipeline/Particles/SimpleLit' not found
Refreshing native plugins compatible for Editor in 1.03 ms, found 4 plugins.
Preloading 0 native plugins for Editor in 0.00 ms.
Unloading 3016 Unused Serialized files (Serialized files now loaded: 0)
System memory in use before: 129.2 MB.
System memory in use after: 129.5 MB.

Unloading 41 unused Assets to reduce memory usage. Loaded Objects now: 3566.
Total: 3.766900 ms (FindLiveObjects: 0.363900 ms CreateObjectMapping: 0.258500 ms MarkObjects: 3.100700 ms  DeleteObjects: 0.041500 ms)

========================================================================
Received Prepare
Registering precompiled user dll's ...
Registered in 0.008680 seconds.
Begin MonoManager ReloadAssembly
Fallback handler could not load library D:/Unity/2020.2.2f1/Editor/Data/Mono/lib/libdl
Fallback handler could not load library D:/Unity/2020.2.2f1/Editor/Data/Mono/lib/libdl.dll
Fallback handler could not load library D:/Unity/2020.2.2f1/Editor/Data/Mono/lib/libdl
Native extension for WindowsStandalone target not found
Native extension for OSXStandalone target not found
Native extension for WebGL target not found
Refreshing native plugins compatible for Editor in 1.10 ms, found 4 plugins.
Preloading 0 native plugins for Editor in 0.00 ms.
Invoked RoslynAnalysisRunner static constructor.
RoslynAnalysisRunner will not be running.
RoslynAnalysisRunner has terminated.
Mono: successfully reloaded assembly
Fallback handler could not load library D:/Unity/2020.2.2f1/Editor/Data/Mono/lib/libdl
Fallback handler could not load library D:/Unity/2020.2.2f1/Editor/Data/Mono/lib/libdl.dll
Fallback handler could not load library D:/Unity/2020.2.2f1/Editor/Data/Mono/lib/libdl
Fallback handler could not load library D:/Unity/2020.2.2f1/Editor/Data/Mono/lib/libdl
Fallback handler could not load library D:/Unity/2020.2.2f1/Editor/Data/Mono/lib/libdl.dll
Fallback handler could not load library D:/Unity/2020.2.2f1/Editor/Data/Mono/lib/libdl
- Completed reload, in  1.526 seconds
Platform modules already initialized, skipping
Shader 'Universal Render Pipeline/Particles/Lit': fallback shader 'Universal Render Pipeline/Particles/SimpleLit' not found
Refreshing native plugins compatible for Editor in 1.00 ms, found 4 plugins.
Preloading 0 native plugins for Editor in 0.00 ms.
Unloading 3016 Unused Serialized files (Serialized files now loaded: 0)
System memory in use before: 129.8 MB.
System memory in use after: 130.0 MB.

Unloading 41 unused Assets to reduce memory usage. Loaded Objects now: 3569.
Total: 3.968800 ms (FindLiveObjects: 0.398800 ms CreateObjectMapping: 0.245500 ms MarkObjects: 3.284900 ms  DeleteObjects: 0.037900 ms)

========================================================================
Received Import Request.
  path: Assets/Scenes
  artifactKey: Guid(7ba4583e35bdd844b8c94eef05dbefec) Importer(815301076,1909f56bfc062723c751e8b465ee728b)
Start importing Assets/Scenes using Guid(7ba4583e35bdd844b8c94eef05dbefec) Importer(815301076,1909f56bfc062723c751e8b465ee728b)  -> (artifact id: '9e996e9dd26f15db75f96036e4c59e91') in 0.089453 seconds
  Import took 0.135922 seconds .

========================================================================
Received Import Request.
  Time since last request: 1.901471 seconds.
  path: Assets/Scenes/FlightControlPrototype.unity
  artifactKey: Guid(52dbde4d0d3457844a51f36dc0f1f598) Importer(815301076,1909f56bfc062723c751e8b465ee728b)
Start importing Assets/Scenes/FlightControlPrototype.unity using Guid(52dbde4d0d3457844a51f36dc0f1f598) Importer(815301076,1909f56bfc062723c751e8b465ee728b)  -> (artifact id: '8ac482aedb12981b23623017bf0a7ff0') in 0.078679 seconds
  Import took 0.128347 seconds .

========================================================================
Received Import Request.
  Time since last request: 2.334515 seconds.
  path: Assets/Scenes/MovementTest.unity
  artifactKey: Guid(908820c5bcaf7684d9c81a5a79cad912) Importer(815301076,1909f56bfc062723c751e8b465ee728b)
Start importing Assets/Scenes/MovementTest.unity using Guid(908820c5bcaf7684d9c81a5a79cad912) Importer(815301076,1909f56bfc062723c751e8b465ee728b)  -> (artifact id: 'c40d5069ab3bdf97e5b766e5e113ced8') in 0.010778 seconds
  Import took 0.105328 seconds .

========================================================================
Received Import Request.
  Time since last request: 18.595856 seconds.
  path: Assets/Scenes/Levels
  artifactKey: Guid(57f982b1fa8ae8e4d92c438b174202cd) Importer(815301076,1909f56bfc062723c751e8b465ee728b)
Start importing Assets/Scenes/Levels using Guid(57f982b1fa8ae8e4d92c438b174202cd) Importer(815301076,1909f56bfc062723c751e8b465ee728b)  -> (artifact id: 'cc50098bf8e68a59ec34d43e4d192d3e') in 0.024767 seconds
  Import took 0.069168 seconds .

========================================================================
Received Import Request.
  Time since last request: 0.888072 seconds.
  path: Assets/Scenes/Levels/TK - Valley of the Quest.unity
  artifactKey: Guid(8c7975e7e61ac7a428481d8abac166af) Importer(815301076,1909f56bfc062723c751e8b465ee728b)
Start importing Assets/Scenes/Levels/TK - Valley of the Quest.unity using Guid(8c7975e7e61ac7a428481d8abac166af) Importer(815301076,1909f56bfc062723c751e8b465ee728b)  -> (artifact id: '37d2a5268f4fa2b40359c758014d00db') in 0.017171 seconds
  Import took 0.076117 seconds .

========================================================================
Received Prepare
Registering precompiled user dll's ...
Registered in 0.005380 seconds.
Begin MonoManager ReloadAssembly
Fallback handler could not load library D:/Unity/2020.2.2f1/Editor/Data/Mono/lib/libdl
Fallback handler could not load library D:/Unity/2020.2.2f1/Editor/Data/Mono/lib/libdl.dll
Fallback handler could not load library D:/Unity/2020.2.2f1/Editor/Data/Mono/lib/libdl
Native extension for WindowsStandalone target not found
Native extension for OSXStandalone target not found
Native extension for WebGL target not found
Refreshing native plugins compatible for Editor in 1.01 ms, found 4 plugins.
Preloading 0 native plugins for Editor in 0.00 ms.
Invoked RoslynAnalysisRunner static constructor.
RoslynAnalysisRunner will not be running.
RoslynAnalysisRunner has terminated.
Mono: successfully reloaded assembly
Fallback handler could not load library D:/Unity/2020.2.2f1/Editor/Data/Mono/lib/libdl
Fallback handler could not load library D:/Unity/2020.2.2f1/Editor/Data/Mono/lib/libdl.dll
Fallback handler could not load library D:/Unity/2020.2.2f1/Editor/Data/Mono/lib/libdl
Fallback handler could not load library D:/Unity/2020.2.2f1/Editor/Data/Mono/lib/libdl
Fallback handler could not load library D:/Unity/2020.2.2f1/Editor/Data/Mono/lib/libdl.dll
Fallback handler could not load library D:/Unity/2020.2.2f1/Editor/Data/Mono/lib/libdl
- Completed reload, in  1.610 seconds
Platform modules already initialized, skipping
Shader 'Universal Render Pipeline/Particles/Lit': fallback shader 'Universal Render Pipeline/Particles/SimpleLit' not found
Refreshing native plugins compatible for Editor in 1.04 ms, found 4 plugins.
Preloading 0 native plugins for Editor in 0.00 ms.
Unloading 3016 Unused Serialized files (Serialized files now loaded: 0)
System memory in use before: 129.8 MB.
System memory in use after: 130.0 MB.

Unloading 41 unused Assets to reduce memory usage. Loaded Objects now: 3572.
Total: 3.860000 ms (FindLiveObjects: 0.623800 ms CreateObjectMapping: 0.303100 ms MarkObjects: 2.895100 ms  DeleteObjects: 0.035600 ms)

========================================================================
Received Prepare
Registering precompiled user dll's ...
Registered in 0.008870 seconds.
Begin MonoManager ReloadAssembly
Fallback handler could not load library D:/Unity/2020.2.2f1/Editor/Data/Mono/lib/libdl
Fallback handler could not load library D:/Unity/2020.2.2f1/Editor/Data/Mono/lib/libdl.dll
Fallback handler could not load library D:/Unity/2020.2.2f1/Editor/Data/Mono/lib/libdl
Native extension for WindowsStandalone target not found
Native extension for OSXStandalone target not found
Native extension for WebGL target not found
Refreshing native plugins compatible for Editor in 1.07 ms, found 4 plugins.
Preloading 0 native plugins for Editor in 0.00 ms.
Invoked RoslynAnalysisRunner static constructor.
RoslynAnalysisRunner will not be running.
RoslynAnalysisRunner has terminated.
Mono: successfully reloaded assembly
Fallback handler could not load library D:/Unity/2020.2.2f1/Editor/Data/Mono/lib/libdl
Fallback handler could not load library D:/Unity/2020.2.2f1/Editor/Data/Mono/lib/libdl.dll
Fallback handler could not load library D:/Unity/2020.2.2f1/Editor/Data/Mono/lib/libdl
Fallback handler could not load library D:/Unity/2020.2.2f1/Editor/Data/Mono/lib/libdl
Fallback handler could not load library D:/Unity/2020.2.2f1/Editor/Data/Mono/lib/libdl.dll
Fallback handler could not load library D:/Unity/2020.2.2f1/Editor/Data/Mono/lib/libdl
- Completed reload, in  1.489 seconds
Platform modules already initialized, skipping
Shader 'Universal Render Pipeline/Particles/Lit': fallback shader 'Universal Render Pipeline/Particles/SimpleLit' not found
Refreshing native plugins compatible for Editor in 1.02 ms, found 4 plugins.
Preloading 0 native plugins for Editor in 0.00 ms.
Unloading 3016 Unused Serialized files (Serialized files now loaded: 0)
System memory in use before: 129.8 MB.
System memory in use after: 130.0 MB.

Unloading 41 unused Assets to reduce memory usage. Loaded Objects now: 3575.
Total: 6.949900 ms (FindLiveObjects: 0.632900 ms CreateObjectMapping: 0.913700 ms MarkObjects: 5.359600 ms  DeleteObjects: 0.039100 ms)

AssetImportWorkerClient::OnTransportError - code=2 error=End of file
